INFO:  latexindent.exe version 3.16, 2022-03-13, a script to indent .tex files
       latexindent.exe lives here: D:/texlive/2023/bin/windows/
       Tue Apr  2 19:37:58 2024
       Filename: c:\Users\MOTO\Documents\Repo\SYSUdaily\README.tex
INFO:  Processing switches:
INFO:  Directory for backup files and indent.log: c:\Users\MOTO\Documents\Repo\SYSUdaily
INFO:  YAML settings read: defaultSettings.yaml
       Reading defaultSettings.yaml from D:/texlive/2023/bin/windows/defaultSettings.yaml
INFO:  YAML settings read: indentconfig.yaml or .indentconfig.yaml
       Home directory is C:\Users\MOTO (didn't find either indentconfig.yaml or .indentconfig.yaml)
       To specify user settings you would put indentconfig.yaml here: C:\Users\MOTO/indentconfig.yaml
       Alternatively, you can use the hidden file .indentconfig.yaml as: C:\Users\MOTO/.indentconfig.yaml
INFO:  Phase 1: searching for objects
INFO:  Phase 2: finding surrounding indentation
INFO:  Phase 3: indenting objects
INFO:  Phase 4: final indentation check
INFO:  Output routine:
       Not outputting to file; see -w and -o switches for more options.
       --------------
INFO:  Please direct all communication/issues to:
        https://github.com/cmhughes/latexindent.pl
